# JRE version: OpenJDK Runtime Environment (11.0.29+7) (build 11.0.29+7-post-Ubuntu-1ubuntu124.04)
# Java VM: OpenJDK 64-Bit Server VM (11.0.29+7-post-Ubuntu-1ubuntu124.04, mixed mode, sharing, tiered, compressed oops, g1 gc, linux-amd64)
Heap:
 garbage-first heap   total 258048K, used 101253K [0x0000000706000000, 0x0000000800000000)
  region size 1024K, 67 young (68608K), 1 survivors (1024K)
 Metaspace       used 16833K, capacity 17373K, committed 17536K, reserved 1064960K
  class space    used 1926K, capacity 2156K, committed 2176K, reserved 1048576K
GC Heap History (12 events):
Event: 0.397 GC heap before
{Heap before GC invocations=0 (full 0):
 garbage-first heap   total 258048K, used 14032K [0x0000000706000000, 0x0000000800000000)
  region size 1024K, 14 young (14336K), 0 survivors (0K)
 Metaspace       used 7793K, capacity 8046K, committed 8192K, reserved 1056768K
  class space    used 879K, capacity 965K, committed 1024K, reserved 1048576K
}
Event: 0.403 GC heap after
{Heap after GC invocations=1 (full 0):
 garbage-first heap   total 258048K, used 4467K [0x0000000706000000, 0x0000000800000000)
  region size 1024K, 2 young (2048K), 2 survivors (2048K)
 Metaspace       used 7793K, capacity 8046K, committed 8192K, reserved 1056768K
  class space    used 879K, capacity 965K, committed 1024K, reserved 1048576K
}
Event: 1.524 GC heap before
{Heap before GC invocations=1 (full 0):
 garbage-first heap   total 258048K, used 21875K [0x0000000706000000, 0x0000000800000000)
  region size 1024K, 12 young (12288K), 2 survivors (2048K)
 Metaspace       used 8842K, capacity 9125K, committed 9344K, reserved 1056768K
  class space    used 986K, capacity 1130K, committed 1152K, reserved 1048576K
}
Event: 1.528 GC heap after
{Heap after GC invocations=2 (full 0):
 garbage-first heap   total 258048K, used 5277K [0x0000000706000000, 0x0000000800000000)
  region size 1024K, 1 young (1024K), 1 survivors (1024K)
 Metaspace       used 8842K, capacity 9125K, committed 9344K, reserved 1056768K
  class space    used 986K, capacity 1130K, committed 1152K, reserved 1048576K
}
Event: 2.686 GC heap before
{Heap before GC invocations=2 (full 0):
 garbage-first heap   total 258048K, used 22685K [0x0000000706000000, 0x0000000800000000)
  region size 1024K, 18 young (18432K), 1 survivors (1024K)
 Metaspace       used 9059K, capacity 9381K, committed 9600K, reserved 1058816K
  class space    used 989K, capacity 1130K, committed 1152K, reserved 1048576K
}
Event: 2.688 GC heap after
{Heap after GC invocations=3 (full 0):
 garbage-first heap   total 258048K, used 5392K [0x0000000706000000, 0x0000000800000000)
  region size 1024K, 1 young (1024K), 1 survivors (1024K)
 Metaspace       used 9059K, capacity 9381K, committed 9600K, reserved 1058816K
  class space    used 989K, capacity 1130K, committed 1152K, reserved 1048576K
}
Event: 3.336 GC heap before
{Heap before GC invocations=3 (full 0):
 garbage-first heap   total 258048K, used 32016K [0x0000000706000000, 0x0000000800000000)
  region size 1024K, 27 young (27648K), 1 survivors (1024K)
 Metaspace       used 9060K, capacity 9381K, committed 9600K, reserved 1058816K
  class space    used 989K, capacity 1130K, committed 1152K, reserved 1048576K
}
Event: 3.336 GC heap after
{Heap after GC invocations=4 (full 0):
 garbage-first heap   total 258048K, used 5330K [0x0000000706000000, 0x0000000800000000)
  region size 1024K, 1 young (1024K), 1 survivors (1024K)
 Metaspace       used 9060K, capacity 9381K, committed 9600K, reserved 1058816K
  class space    used 989K, capacity 1130K, committed 1152K, reserved 1048576K
}
Event: 9.410 GC heap before
{Heap before GC invocations=4 (full 0):
 garbage-first heap   total 258048K, used 122066K [0x0000000706000000, 0x0000000800000000)
  region size 1024K, 43 young (44032K), 1 survivors (1024K)
 Metaspace       used 10298K, capacity 10759K, committed 10880K, reserved 1058816K
  class space    used 1116K, capacity 1314K, committed 1408K, reserved 1048576K
}
Event: 9.414 GC heap after
{Heap after GC invocations=5 (full 0):
 garbage-first heap   total 258048K, used 25232K [0x0000000706000000, 0x0000000800000000)
  region size 1024K, 6 young (6144K), 6 survivors (6144K)
 Metaspace       used 10298K, capacity 10759K, committed 10880K, reserved 1058816K
  class space    used 1116K, capacity 1314K, committed 1408K, reserved 1048576K
}
Event: 9.909 GC heap before
{Heap before GC invocations=5 (full 0):
 garbage-first heap   total 258048K, used 86672K [0x0000000706000000, 0x0000000800000000)
  region size 1024K, 60 young (61440K), 6 survivors (6144K)
 Metaspace       used 10367K, capacity 10823K, committed 11136K, reserved 1058816K
  class space    used 1117K, capacity 1314K, committed 1408K, reserved 1048576K
}
Event: 9.911 GC heap after
{Heap after GC invocations=6 (full 0):
 garbage-first heap   total 258048K, used 25477K [0x0000000706000000, 0x0000000800000000)
  region size 1024K, 1 young (1024K), 1 survivors (1024K)
 Metaspace       used 10367K, capacity 10823K, committed 11136K, reserved 1058816K
  class space    used 1117K, capacity 1314K, committed 1408K, reserved 1048576K
}

